2024-07-29T20:59:50.080+0000 [      5576][        ] INFO  org.springframework.web.context.ContextLoader: Root WebApplicationContext: initialization started
2024-07-29T20:59:50.591+0000 [      6087][        ] INFO  org.springframework.security.core.SpringSecurityCoreVersion: You are running with Spring Security Core 5.7.12
2024-07-29T20:59:50.595+0000 [      6091][        ] INFO  org.springframework.security.config.SecurityNamespaceHandler: Spring Security 'config' module version is 5.7.12
2024-07-29T20:59:51.242+0000 [      6738][        ] INFO  org.hibernate.validator.internal.util.Version: HV000001: Hibernate Validator 6.2.5.Final
2024-07-29T20:59:51.895+0000 [      7391][        ] INFO  serverStartup: TdsContext.init(): Copying root README file from /usr/local/tomcat/webapps/thredds/WEB-INF/altContent/startup/root_README.txt.
2024-07-29T20:59:51.897+0000 [      7393][        ] INFO  serverStartup: TdsContext version= 5.5 - 2024-07-16T10:33:15-0600
2024-07-29T20:59:51.898+0000 [      7394][        ] INFO  serverStartup: TdsContext initialized logging in /usr/local/tomcat/content/thredds/logs
2024-07-29T20:59:52.038+0000 [      7534][        ] INFO  serverStartup: DataRootManager:2 aliases set 
2024-07-29T20:59:52.179+0000 [      7675][        ] INFO  org.springframework.security.web.DefaultSecurityFilterChain: Will secure Ant [pattern='/dap4/**'] with [thredds.servlet.filter.HttpHeadFilter@7ae485e3, thredds.servlet.filter.RequestQueryFilter@4a348dbe, thredds.servlet.filter.RequestBracketingLogMessageFilter@342593f7]
2024-07-29T20:59:52.180+0000 [      7676][        ] INFO  org.springframework.security.web.DefaultSecurityFilterChain: Will secure Ant [pattern='/dodsC/**'] with [thredds.servlet.filter.HttpHeadFilter@7ae485e3, thredds.servlet.filter.RequestQueryFilter@4a348dbe, thredds.servlet.filter.RequestBracketingLogMessageFilter@342593f7]
2024-07-29T20:59:52.181+0000 [      7677][        ] INFO  org.springframework.security.web.DefaultSecurityFilterChain: Will secure Ant [pattern='/wms/**'] with [thredds.servlet.filter.HttpHeadFilter@7ae485e3, thredds.servlet.filter.RequestQueryFilter@4a348dbe, thredds.servlet.filter.RequestBracketingLogMessageFilter@342593f7]
2024-07-29T20:59:52.183+0000 [      7679][        ] INFO  org.springframework.security.web.DefaultSecurityFilterChain: Will secure Ant [pattern='/fileServer/**'] with [thredds.servlet.filter.RequestQueryFilter@16a76bfe, thredds.servlet.filter.RequestBracketingLogMessageFilter@342593f7]
2024-07-29T20:59:52.184+0000 [      7680][        ] INFO  org.springframework.security.web.DefaultSecurityFilterChain: Will secure any request with [thredds.servlet.filter.HttpHeadFilter@7ae485e3, thredds.servlet.filter.RequestQueryFilter@16a76bfe, thredds.servlet.filter.RequestBracketingLogMessageFilter@342593f7]
2024-07-29T20:59:52.209+0000 [      7705][        ] INFO  serverStartup: TdsInit: org.springframework.context.event.ContextRefreshedEvent[source=Root WebApplicationContext, started on Mon Jul 29 20:59:50 UTC 2024]
2024-07-29T20:59:52.210+0000 [      7706][        ] INFO  serverStartup: TdsInit: getContentRootPathAbsolute= /usr/local/tomcat/content/
2024-07-29T20:59:52.263+0000 [      7759][        ] INFO  serverStartup: ThreddsConfigReader reading xml file = /usr/local/tomcat/content/thredds/threddsConfig.xml
2024-07-29T20:59:52.820+0000 [      8316][        ] INFO  serverStartup: Loading custom WMS palette files from /usr/local/tomcat/content/thredds/wmsPalettes
2024-07-29T20:59:52.821+0000 [      8317][        ] INFO  serverStartup: Loading custom WMS style files from /usr/local/tomcat/content/thredds/wmsStyles
2024-07-29T20:59:55.554+0000 [     11050][        ] INFO  serverStartup: TdsInit: catalogWriting.useBytesForDataSize= false
2024-07-29T20:59:55.661+0000 [     11157][        ] INFO  serverStartup: Nc4Iosp: NetCDF-4 C library loaded (jna_path='null', libname='netcdf' version='4.9.2 of Jul 24 2024 12:51:29 $').
2024-07-29T20:59:55.662+0000 [     11158][        ] INFO  serverStartup: NetcdfLoader: set log level: old=0 new=0
2024-07-29T20:59:55.662+0000 [     11158][        ] INFO  serverStartup: Nc4Iosp: set log level: old=0 new=0
2024-07-29T20:59:55.666+0000 [     11162][        ] INFO  serverStartup: TdsInit: Aggregation.setTypicalDatasetMode= penultimate
2024-07-29T20:59:55.676+0000 [     11172][        ] INFO  serverStartup: TdsInit: CdmCache= /usr/local/tomcat/content/thredds/cache/cdm scour = 3600 maxSize = 1000000000
2024-07-29T20:59:55.683+0000 [     11179][        ] INFO  serverStartup: TdsInit: AggregationCache= /usr/local/tomcat/content/thredds/cache/agg scour = 86400 maxAgeSecs = 7776000
2024-07-29T20:59:55.684+0000 [     11180][        ] INFO  serverStartup: TdsInit: GribIndex=DiskCache2{cachePathPolicy=NestedDirectory, alwaysUseCache=false, cachePathPolicyParam='null', root='/usr/local/tomcat/content/thredds/cache/grib/', scourEveryMinutes=0, persistMinutes=129600, fail=false}
2024-07-29T20:59:55.734+0000 [     11230][        ] INFO  serverStartup: thredds.server.ncss.controller.NcssDiskCacheNcss.Cache= /usr/local/tomcat/content/thredds/cache/ncss scour = 600 maxAgeSecs = 300
2024-07-29T20:59:56.764+0000 [     12260][        ] INFO  serverStartup: TdsInit: GridDatasetInv cache= /usr/local/tomcat/content/thredds/cache/collection/
2024-07-29T20:59:56.772+0000 [     12268][        ] INFO  serverStartup: TdsInit: RandomAccessFile.initPartitionCache= [400,500] scour = 660
2024-07-29T20:59:56.774+0000 [     12270][        ] INFO  serverStartup: TdsInit: NetcdfDatasets.initNetcdfFileCache= [100,150] scour = 720
2024-07-29T20:59:56.783+0000 [     12279][        ] INFO  serverStartup: TdsInit: NetcdfDataset.initNetcdfFileCache= [100,150] scour = 720
2024-07-29T20:59:56.795+0000 [     12291][        ] INFO  serverStartup: TdsInit: GribCdmIndex.initDefaultCollectionCache= [100,150] scour = 780
2024-07-29T20:59:58.895+0000 [     14391][        ] INFO  serverStartup: TdsInit: latest development version = 5.6-SNAPSHOT
2024-07-29T20:59:58.895+0000 [     14391][        ] INFO  serverStartup: TdsInit: latest release version = 5.5
2024-07-29T20:59:58.895+0000 [     14391][        ] WARN  serverStartup: Web Start has been deprecated for >Java 9 and is slated for removal - see http://www.oracle.com/technetwork/java/eol-135779.html)
2024-07-29T20:59:59.074+0000 [     14570][        ] INFO  serverStartup: EPSG database path: /usr/local/tomcat/content/thredds/cache/edal-java/epsg
2024-07-29T20:59:59.074+0000 [     14570][        ] INFO  serverStartup: TdsInit complete
2024-07-29T20:59:59.074+0000 [     14570][        ] INFO  serverStartup: thredds.server.opendap.OpendapServlet initialization start
2024-07-29T20:59:59.074+0000 [     14570][        ] INFO  serverStartup: thredds.server.opendap.OpendapServlet version= opendap/3.7 ascLimit = 50 binLimit = 500
2024-07-29T20:59:59.075+0000 [     14571][        ] INFO  serverStartup: thredds.server.opendap.OpendapServlet initialization done
2024-07-29T20:59:59.075+0000 [     14571][        ] INFO  serverStartup: WCS:allow= true
2024-07-29T20:59:59.078+0000 [     14574][        ] INFO  serverStartup: WCS service - init done - 
2024-07-29T20:59:59.082+0000 [     14578][        ] INFO  org.springframework.web.context.ContextLoader: Root WebApplicationContext initialized in 8982 ms
2024-07-29T20:59:59.112+0000 [     14608][        ] INFO  org.springframework.web.servlet.DispatcherServlet: Initializing Servlet 'spring'
2024-07-29T20:59:59.294+0000 [     14790][        ] INFO  org.springframework.web.servlet.DispatcherServlet: Completed initialization in 180 ms
2024-07-29T20:59:59.726+0000 [     15222][       3] WARN  org.thymeleaf.standard.processor.AbstractStandardFragmentInsertionTagProcessor: [THYMELEAF][http-nio-8080-exec-6][templates/catalog] Deprecated unwrapped fragment expression "templates/commonFragments :: head(~{::title}, ~{::script}, ~{::link})" found in template templates/catalog, line 5, col 7. Please use the complete syntax of fragment expressions instead ("~{templates/commonFragments :: head(~{::title}, ~{::script}, ~{::link})}"). The old, unwrapped syntax for fragment expressions will be removed in future versions of Thymeleaf.
2024-07-29T21:00:03.794+0000 [     19290][       4] WARN  org.thymeleaf.standard.processor.AbstractStandardFragmentInsertionTagProcessor: [THYMELEAF][http-nio-8080-exec-7][templates/catalog] Deprecated unwrapped fragment expression "templates/commonFragments :: head(~{::title}, ~{::script}, ~{::link})" found in template templates/catalog, line 5, col 7. Please use the complete syntax of fragment expressions instead ("~{templates/commonFragments :: head(~{::title}, ~{::script}, ~{::link})}"). The old, unwrapped syntax for fragment expressions will be removed in future versions of Thymeleaf.
2024-07-29T21:00:16.508+0000 [     32004][       7] WARN  org.thymeleaf.standard.processor.AbstractStandardFragmentInsertionTagProcessor: [THYMELEAF][http-nio-8080-exec-10][templates/catalog] Deprecated unwrapped fragment expression "templates/commonFragments :: head(~{::title}, ~{::script}, ~{::link})" found in template templates/catalog, line 5, col 7. Please use the complete syntax of fragment expressions instead ("~{templates/commonFragments :: head(~{::title}, ~{::script}, ~{::link})}"). The old, unwrapped syntax for fragment expressions will be removed in future versions of Thymeleaf.
2024-07-29T21:00:17.142+0000 [     32638][       8] WARN  org.thymeleaf.standard.processor.AbstractStandardFragmentInsertionTagProcessor: [THYMELEAF][http-nio-8080-exec-3][templates/catalog] Deprecated unwrapped fragment expression "templates/commonFragments :: head(~{::title}, ~{::script}, ~{::link})" found in template templates/catalog, line 5, col 7. Please use the complete syntax of fragment expressions instead ("~{templates/commonFragments :: head(~{::title}, ~{::script}, ~{::link})}"). The old, unwrapped syntax for fragment expressions will be removed in future versions of Thymeleaf.
2024-07-30T00:04:26.609+0000 [  11082105][    1835] WARN  org.thymeleaf.standard.processor.AbstractStandardFragmentInsertionTagProcessor: [THYMELEAF][http-nio-8080-exec-7][templates/catalog] Deprecated unwrapped fragment expression "templates/commonFragments :: head(~{::title}, ~{::script}, ~{::link})" found in template templates/catalog, line 5, col 7. Please use the complete syntax of fragment expressions instead ("~{templates/commonFragments :: head(~{::title}, ~{::script}, ~{::link})}"). The old, unwrapped syntax for fragment expressions will be removed in future versions of Thymeleaf.
2024-07-30T00:04:28.542+0000 [  11084038][    1836] WARN  org.thymeleaf.standard.processor.AbstractStandardFragmentInsertionTagProcessor: [THYMELEAF][http-nio-8080-exec-3][templates/catalog] Deprecated unwrapped fragment expression "templates/commonFragments :: head(~{::title}, ~{::script}, ~{::link})" found in template templates/catalog, line 5, col 7. Please use the complete syntax of fragment expressions instead ("~{templates/commonFragments :: head(~{::title}, ~{::script}, ~{::link})}"). The old, unwrapped syntax for fragment expressions will be removed in future versions of Thymeleaf.
2024-07-30T00:04:29.648+0000 [  11085144][    1838] WARN  org.thymeleaf.standard.processor.AbstractStandardFragmentInsertionTagProcessor: [THYMELEAF][http-nio-8080-exec-5][templates/catalog] Deprecated unwrapped fragment expression "templates/commonFragments :: head(~{::title}, ~{::script}, ~{::link})" found in template templates/catalog, line 5, col 7. Please use the complete syntax of fragment expressions instead ("~{templates/commonFragments :: head(~{::title}, ~{::script}, ~{::link})}"). The old, unwrapped syntax for fragment expressions will be removed in future versions of Thymeleaf.
2024-07-30T00:04:30.551+0000 [  11086047][    1839] WARN  org.thymeleaf.standard.processor.AbstractStandardFragmentInsertionTagProcessor: [THYMELEAF][http-nio-8080-exec-6][templates/catalog] Deprecated unwrapped fragment expression "templates/commonFragments :: head(~{::title}, ~{::script}, ~{::link})" found in template templates/catalog, line 5, col 7. Please use the complete syntax of fragment expressions instead ("~{templates/commonFragments :: head(~{::title}, ~{::script}, ~{::link})}"). The old, unwrapped syntax for fragment expressions will be removed in future versions of Thymeleaf.
2024-07-30T00:04:34.058+0000 [  11089554][    1840] WARN  org.thymeleaf.standard.processor.AbstractStandardFragmentInsertionTagProcessor: [THYMELEAF][http-nio-8080-exec-8][templates/catalog] Deprecated unwrapped fragment expression "templates/commonFragments :: head(~{::title}, ~{::script}, ~{::link})" found in template templates/catalog, line 5, col 7. Please use the complete syntax of fragment expressions instead ("~{templates/commonFragments :: head(~{::title}, ~{::script}, ~{::link})}"). The old, unwrapped syntax for fragment expressions will be removed in future versions of Thymeleaf.
2024-07-30T00:04:40.726+0000 [  11096222][    1842] WARN  org.thymeleaf.standard.processor.AbstractStandardFragmentInsertionTagProcessor: [THYMELEAF][http-nio-8080-exec-2][templates/catalog] Deprecated unwrapped fragment expression "templates/commonFragments :: head(~{::title}, ~{::script}, ~{::link})" found in template templates/catalog, line 5, col 7. Please use the complete syntax of fragment expressions instead ("~{templates/commonFragments :: head(~{::title}, ~{::script}, ~{::link})}"). The old, unwrapped syntax for fragment expressions will be removed in future versions of Thymeleaf.
2024-07-30T00:04:41.897+0000 [  11097393][    1843] WARN  org.thymeleaf.standard.processor.AbstractStandardFragmentInsertionTagProcessor: [THYMELEAF][http-nio-8080-exec-7][templates/catalog] Deprecated unwrapped fragment expression "templates/commonFragments :: head(~{::title}, ~{::script}, ~{::link})" found in template templates/catalog, line 5, col 7. Please use the complete syntax of fragment expressions instead ("~{templates/commonFragments :: head(~{::title}, ~{::script}, ~{::link})}"). The old, unwrapped syntax for fragment expressions will be removed in future versions of Thymeleaf.
2024-07-30T00:04:42.890+0000 [  11098386][    1844] WARN  org.thymeleaf.standard.processor.AbstractStandardFragmentInsertionTagProcessor: [THYMELEAF][http-nio-8080-exec-3][templates/catalog] Deprecated unwrapped fragment expression "templates/commonFragments :: head(~{::title}, ~{::script}, ~{::link})" found in template templates/catalog, line 5, col 7. Please use the complete syntax of fragment expressions instead ("~{templates/commonFragments :: head(~{::title}, ~{::script}, ~{::link})}"). The old, unwrapped syntax for fragment expressions will be removed in future versions of Thymeleaf.
