29-Jul-2024 20:59:44.974 INFO [main] org.apache.catalina.startup.VersionLoggerListener.log Server version name:   Apache Tomcat
29-Jul-2024 20:59:44.977 INFO [main] org.apache.catalina.startup.VersionLoggerListener.log Server built:          Jul 2 2024 12:35:51 UTC
29-Jul-2024 20:59:44.978 INFO [main] org.apache.catalina.startup.VersionLoggerListener.log Server version number: 9.0.91.0
29-Jul-2024 20:59:44.978 INFO [main] org.apache.catalina.startup.VersionLoggerListener.log OS Name:               Linux
29-Jul-2024 20:59:44.978 INFO [main] org.apache.catalina.startup.VersionLoggerListener.log OS Version:            6.5.0-44-generic
29-Jul-2024 20:59:44.978 INFO [main] org.apache.catalina.startup.VersionLoggerListener.log Architecture:          amd64
29-Jul-2024 20:59:44.978 INFO [main] org.apache.catalina.startup.VersionLoggerListener.log Java Home:             /opt/java/openjdk
29-Jul-2024 20:59:44.978 INFO [main] org.apache.catalina.startup.VersionLoggerListener.log JVM Version:           11.0.24+8
29-Jul-2024 20:59:44.978 INFO [main] org.apache.catalina.startup.VersionLoggerListener.log JVM Vendor:            Eclipse Adoptium
29-Jul-2024 20:59:44.979 INFO [main] org.apache.catalina.startup.VersionLoggerListener.log CATALINA_BASE:         /usr/local/tomcat
29-Jul-2024 20:59:44.979 INFO [main] org.apache.catalina.startup.VersionLoggerListener.log CATALINA_HOME:         /usr/local/tomcat
29-Jul-2024 20:59:44.997 INFO [main] org.apache.catalina.startup.VersionLoggerListener.log Command line argument: --add-opens=java.base/java.lang=ALL-UNNAMED
29-Jul-2024 20:59:44.997 INFO [main] org.apache.catalina.startup.VersionLoggerListener.log Command line argument: --add-opens=java.base/java.io=ALL-UNNAMED
29-Jul-2024 20:59:44.997 INFO [main] org.apache.catalina.startup.VersionLoggerListener.log Command line argument: --add-opens=java.base/java.util=ALL-UNNAMED
29-Jul-2024 20:59:44.997 INFO [main] org.apache.catalina.startup.VersionLoggerListener.log Command line argument: --add-opens=java.base/java.util.concurrent=ALL-UNNAMED
29-Jul-2024 20:59:44.998 INFO [main] org.apache.catalina.startup.VersionLoggerListener.log Command line argument: --add-opens=java.rmi/sun.rmi.transport=ALL-UNNAMED
29-Jul-2024 20:59:44.998 INFO [main] org.apache.catalina.startup.VersionLoggerListener.log Command line argument: -Djava.util.logging.config.file=/usr/local/tomcat/conf/logging.properties
29-Jul-2024 20:59:44.998 INFO [main] org.apache.catalina.startup.VersionLoggerListener.log Command line argument: -Djava.util.logging.manager=org.apache.juli.ClassLoaderLogManager
29-Jul-2024 20:59:44.998 INFO [main] org.apache.catalina.startup.VersionLoggerListener.log Command line argument: -Dtds.content.root.path=/usr/local/tomcat/content/
29-Jul-2024 20:59:44.998 INFO [main] org.apache.catalina.startup.VersionLoggerListener.log Command line argument: -Djava.util.prefs.systemRoot=/usr/local/tomcat/javaUtilPrefs
29-Jul-2024 20:59:44.999 INFO [main] org.apache.catalina.startup.VersionLoggerListener.log Command line argument: -Djava.util.prefs.userRoot=/usr/local/tomcat/javaUtilPrefs
29-Jul-2024 20:59:44.999 INFO [main] org.apache.catalina.startup.VersionLoggerListener.log Command line argument: -Xms4G
29-Jul-2024 20:59:44.999 INFO [main] org.apache.catalina.startup.VersionLoggerListener.log Command line argument: -Xmx4G
29-Jul-2024 20:59:44.999 INFO [main] org.apache.catalina.startup.VersionLoggerListener.log Command line argument: -XX:+HeapDumpOnOutOfMemoryError
29-Jul-2024 20:59:44.999 INFO [main] org.apache.catalina.startup.VersionLoggerListener.log Command line argument: -Djava.awt.headless=true
29-Jul-2024 20:59:44.999 INFO [main] org.apache.catalina.startup.VersionLoggerListener.log Command line argument: -Djna.tmpdir=/tmp/
29-Jul-2024 20:59:45.000 INFO [main] org.apache.catalina.startup.VersionLoggerListener.log Command line argument: -Djdk.tls.ephemeralDHKeySize=2048
29-Jul-2024 20:59:45.000 INFO [main] org.apache.catalina.startup.VersionLoggerListener.log Command line argument: -Djava.protocol.handler.pkgs=org.apache.catalina.webresources
29-Jul-2024 20:59:45.000 INFO [main] org.apache.catalina.startup.VersionLoggerListener.log Command line argument: -Dorg.apache.catalina.security.SecurityListener.UMASK=0027
29-Jul-2024 20:59:45.000 INFO [main] org.apache.catalina.startup.VersionLoggerListener.log Command line argument: -Dignore.endorsed.dirs=
29-Jul-2024 20:59:45.000 INFO [main] org.apache.catalina.startup.VersionLoggerListener.log Command line argument: -Dcatalina.base=/usr/local/tomcat
29-Jul-2024 20:59:45.000 INFO [main] org.apache.catalina.startup.VersionLoggerListener.log Command line argument: -Dcatalina.home=/usr/local/tomcat
29-Jul-2024 20:59:45.000 INFO [main] org.apache.catalina.startup.VersionLoggerListener.log Command line argument: -Djava.io.tmpdir=/usr/local/tomcat/temp
29-Jul-2024 20:59:45.006 INFO [main] org.apache.catalina.core.AprLifecycleListener.lifecycleEvent Loaded Apache Tomcat Native library [1.3.0] using APR version [1.7.0].
29-Jul-2024 20:59:45.007 INFO [main] org.apache.catalina.core.AprLifecycleListener.lifecycleEvent APR capabilities: IPv6 [true], sendfile [true], accept filters [false], random [true], UDS [true].
29-Jul-2024 20:59:45.007 INFO [main] org.apache.catalina.core.AprLifecycleListener.lifecycleEvent APR/OpenSSL configuration: useAprConnector [false], useOpenSSL [true]
29-Jul-2024 20:59:45.012 INFO [main] org.apache.catalina.core.AprLifecycleListener.initializeSSL OpenSSL successfully initialized [OpenSSL 3.0.2 15 Mar 2022]
29-Jul-2024 20:59:45.322 INFO [main] org.apache.coyote.AbstractProtocol.init Initializing ProtocolHandler ["http-nio-8080"]
29-Jul-2024 20:59:45.349 INFO [main] org.apache.catalina.startup.Catalina.load Server initialization in [616] milliseconds
29-Jul-2024 20:59:45.412 INFO [main] org.apache.catalina.core.StandardService.startInternal Starting service [Catalina]
29-Jul-2024 20:59:45.412 INFO [main] org.apache.catalina.core.StandardEngine.startInternal Starting Servlet engine: [Apache Tomcat]
29-Jul-2024 20:59:45.419 INFO [main] org.apache.catalina.startup.HostConfig.deployDirectory Deploying web application directory [/usr/local/tomcat/webapps/thredds]
29-Jul-2024 20:59:49.542 INFO [main] org.apache.jasper.servlet.TldScanner.scanJars At least one JAR was scanned for TLDs yet contained no TLDs. Enable debug logging for this logger for a complete list of JARs that were scanned but no TLDs were found in them. Skipping unneeded JARs during scanning can improve startup time and JSP compilation time.
29-Jul-2024 20:59:56.737 WARNING [main] net.openhft.chronicle.core.internal.cleaner.ReflectionBasedByteBufferCleanerService.<clinit> Make sure you have set the command line option "--illegal-access=permit --add-exports java.base/jdk.internal.ref=ALL-UNNAMED" to enable ReflectionBasedByteBufferCleanerService
29-Jul-2024 20:59:59.309 INFO [main] org.apache.catalina.startup.HostConfig.deployDirectory Deployment of web application directory [/usr/local/tomcat/webapps/thredds] has finished in [13,890] ms
29-Jul-2024 20:59:59.312 INFO [main] org.apache.coyote.AbstractProtocol.start Starting ProtocolHandler ["http-nio-8080"]
29-Jul-2024 20:59:59.327 INFO [main] org.apache.catalina.startup.Catalina.start Server startup in [13976] milliseconds
